...found 14 targets...
...updating 7 targets...
common.mkdir bin.v2/libs
common.mkdir bin.v2/libs/regex
common.mkdir bin.v2/libs/regex/build
common.mkdir bin.v2/libs/regex/build/gcc-4.9.2
common.mkdir bin.v2/libs/regex/build/gcc-4.9.2/debug
gcc.compile.c++ bin.v2/libs/regex/build/gcc-4.9.2/debug/has_icu_test.o
libs/regex/build/has_icu_test.cpp:12:30: fatal error: unicode/uversion.h: No such file or directory
 #include <unicode/uversion.h>
                              ^
compilation terminated.

    "g++"  -ftemplate-depth-128 -O0 -fno-inline -Wall -pedantic -g -fPIC  -DBOOST_ALL_NO_LIB=1 -DBOOST_HAS_ICU=1  -I"." -c -o "bin.v2/libs/regex/build/gcc-4.9.2/debug/has_icu_test.o" "libs/regex/build/has_icu_test.cpp"

...failed gcc.compile.c++ bin.v2/libs/regex/build/gcc-4.9.2/debug/has_icu_test.o...
...skipped <pbin.v2/libs/regex/build/gcc-4.9.2/debug>has_icu for lack of <pbin.v2/libs/regex/build/gcc-4.9.2/debug>has_icu_test.o...
...failed updating 1 target...
...skipped 1 target...
...updated 5 targets...
...found 9 targets...
...updating 6 targets...
common.mkdir bin.v2/libs/locale
common.mkdir bin.v2/libs/locale/build
common.mkdir bin.v2/libs/locale/build/gcc-4.9.2
common.mkdir bin.v2/libs/locale/build/gcc-4.9.2/debug
gcc.compile.c++ bin.v2/libs/locale/build/gcc-4.9.2/debug/has_iconv_libc_obj.o
gcc.link bin.v2/libs/locale/build/gcc-4.9.2/debug/has_iconv
...updated 6 targets...
...found 5 targets...
...updating 2 targets...
gcc.compile.c++ bin.v2/libs/locale/build/gcc-4.9.2/debug/has_icu_obj.o
libs/locale/src/../build/has_icu_test.cpp:12:30: fatal error: unicode/uversion.h: No such file or directory
 #include <unicode/uversion.h>
                              ^
compilation terminated.

    "g++"  -ftemplate-depth-128 -O0 -fno-inline -Wall -g -fPIC  -DBOOST_ALL_NO_LIB=1  -I"." -c -o "bin.v2/libs/locale/build/gcc-4.9.2/debug/has_icu_obj.o" "libs/locale/src/../build/has_icu_test.cpp"

...failed gcc.compile.c++ bin.v2/libs/locale/build/gcc-4.9.2/debug/has_icu_obj.o...
...skipped <pbin.v2/libs/locale/build/gcc-4.9.2/debug>has_icu for lack of <pbin.v2/libs/locale/build/gcc-4.9.2/debug>has_icu_obj.o...
...failed updating 1 target...
...skipped 1 target...
...found 2 targets...
...updating 2 targets...
gcc.compile.c++ bin.v2/libs/locale/build/gcc-4.9.2/debug/has_icu64_obj.o
libs/locale/src/../build/has_icu_test.cpp:12:30: fatal error: unicode/uversion.h: No such file or directory
 #include <unicode/uversion.h>
                              ^
compilation terminated.

    "g++"  -ftemplate-depth-128 -O0 -fno-inline -Wall -g -fPIC  -DBOOST_ALL_NO_LIB=1  -I"." -c -o "bin.v2/libs/locale/build/gcc-4.9.2/debug/has_icu64_obj.o" "libs/locale/src/../build/has_icu_test.cpp"

...failed gcc.compile.c++ bin.v2/libs/locale/build/gcc-4.9.2/debug/has_icu64_obj.o...
...skipped <pbin.v2/libs/locale/build/gcc-4.9.2/debug>has_icu64 for lack of <pbin.v2/libs/locale/build/gcc-4.9.2/debug>has_icu64_obj.o...
...failed updating 1 target...
...skipped 1 target...
...found 7 targets...
...updating 5 targets...
common.mkdir bin.v2/libs/math
common.mkdir bin.v2/libs/math/config
common.mkdir bin.v2/libs/math/config/gcc-4.9.2
common.mkdir bin.v2/libs/math/config/gcc-4.9.2/debug
gcc.compile.c++ bin.v2/libs/math/config/gcc-4.9.2/debug/has_gcc_visibility.o
...updated 5 targets...
...found 47 targets...
...updating 1 target...
gcc.compile.c++ bin.v2/libs/math/config/gcc-4.9.2/debug/has_long_double_support.o
libs/math/config/has_long_double_support.cpp:9:2: error: #error "long double support is not supported by Boost.Math on this Plaform: the long double version of the TR1 library will not be built."
 #error "long double support is not supported by Boost.Math on this Plaform: the long double version of the TR1 library will not be built."
  ^

    "g++"  -ftemplate-depth-128 -O0 -fno-inline -Wall -g -fPIC  -DBOOST_ALL_NO_LIB=1  -I"." -c -o "bin.v2/libs/math/config/gcc-4.9.2/debug/has_long_double_support.o" "libs/math/config/has_long_double_support.cpp"

...failed gcc.compile.c++ bin.v2/libs/math/config/gcc-4.9.2/debug/has_long_double_support.o...
...failed updating 1 target...
